<?xml version="1.0" encoding="UTF-8" ?>

<testsuite failures="0" time="0.599" errors="0" skipped="0" tests="5" name="BasicTest">
  <testcase classname="BasicTest" name="createAndRetrieveUser" time="0.004">
      </testcase>
  <testcase classname="BasicTest" name="tryConnectAsUser" time="0.007">
      </testcase>
  <testcase classname="BasicTest" name="createRecord" time="0.007">
      </testcase>
  <testcase classname="BasicTest" name="useTheDocumentsRelation" time="0.019">
      </testcase>
  <testcase classname="BasicTest" name="fullTest" time="0.562">
      </testcase>
</testsuite>
